Timing Analyzer report for layer
Wed Mar 11 08:33:57 2026
Quartus Prime Version 20.1.0 Build 711 06/05/2020 SJ Standard Edition


---------------------
; Table of Contents ;
---------------------
  1. Legal Notice
  2. Timing Analyzer Summary
  3. Parallel Compilation
  4. Clocks
  5. Slow 900mV 100C Model Fmax Summary
  6. Timing Closure Recommendations
  7. Slow 900mV 100C Model Setup Summary
  8. Slow 900mV 100C Model Hold Summary
  9. Slow 900mV 100C Model Recovery Summary
 10. Slow 900mV 100C Model Removal Summary
 11. Slow 900mV 100C Model Minimum Pulse Width Summary
 12. Slow 900mV 100C Model Metastability Summary
 13. Slow 900mV -40C Model Fmax Summary
 14. Slow 900mV -40C Model Setup Summary
 15. Slow 900mV -40C Model Hold Summary
 16. Slow 900mV -40C Model Recovery Summary
 17. Slow 900mV -40C Model Removal Summary
 18. Slow 900mV -40C Model Minimum Pulse Width Summary
 19. Slow 900mV -40C Model Metastability Summary
 20. Fast 900mV 100C Model Setup Summary
 21. Fast 900mV 100C Model Hold Summary
 22. Fast 900mV 100C Model Recovery Summary
 23. Fast 900mV 100C Model Removal Summary
 24. Fast 900mV 100C Model Minimum Pulse Width Summary
 25. Fast 900mV 100C Model Metastability Summary
 26. Fast 900mV -40C Model Setup Summary
 27. Fast 900mV -40C Model Hold Summary
 28. Fast 900mV -40C Model Recovery Summary
 29. Fast 900mV -40C Model Removal Summary
 30. Fast 900mV -40C Model Minimum Pulse Width Summary
 31. Fast 900mV -40C Model Metastability Summary
 32. Multicorner Timing Analysis Summary
 33. Board Trace Model Assignments
 34. Input Transition Times
 35. Signal Integrity Metrics (Slow 900mv 100c Model)
 36. Signal Integrity Metrics (Fast 900mv n40c Model)
 37. Setup Transfers
 38. Hold Transfers
 39. Unconstrained Paths Summary
 40. Clock Status Summary
 41. Unconstrained Input Ports
 42. Unconstrained Output Ports
 43. Unconstrained Input Ports
 44. Unconstrained Output Ports
 45. Timing Analyzer Messages



----------------
; Legal Notice ;
----------------
Copyright (C) 2020  Intel Corporation. All rights reserved.
Your use of Intel Corporation's design tools, logic functions 
and other software and tools, and any partner logic 
functions, and any output files from any of the foregoing 
(including device programming or simulation files), and any 
associated documentation or information are expressly subject 
to the terms and conditions of the Intel Program License 
Subscription Agreement, the Intel Quartus Prime License Agreement,
the Intel FPGA IP License Agreement, or other applicable license
agreement, including, without limitation, that your use is for
the sole purpose of programming logic devices manufactured by
Intel and sold by Intel or its authorized distributors.  Please
refer to the applicable agreement for further details, at
https://fpgasoftware.intel.com/eula.



+---------------------------------------------------------------------------------+
; Timing Analyzer Summary                                                         ;
+-----------------------+---------------------------------------------------------+
; Quartus Prime Version ; Version 20.1.0 Build 711 06/05/2020 SJ Standard Edition ;
; Timing Analyzer       ; Timing Analyzer                                         ;
; Revision Name         ; layer                                                   ;
; Device Family         ; Arria 10                                                ;
; Device Name           ; 10AX115R4F40I3SG                                        ;
; Timing Models         ; Final                                                   ;
; Delay Model           ; Combined                                                ;
; Rise/Fall Delays      ; Enabled                                                 ;
+-----------------------+---------------------------------------------------------+


+------------------------------------------+
; Parallel Compilation                     ;
+----------------------------+-------------+
; Processors                 ; Number      ;
+----------------------------+-------------+
; Number detected on machine ; 16          ;
; Maximum allowed            ; 16          ;
;                            ;             ;
; Average used               ; 1.89        ;
; Maximum used               ; 16          ;
;                            ;             ;
; Usage by Processor         ; % Time Used ;
;     Processor 1            ; 100.0%      ;
;     Processors 2-16        ;   5.9%      ;
+----------------------------+-------------+


+---------------------------------------------------------------------------------------------------------------------------------------------------------------------------------+
; Clocks                                                                                                                                                                          ;
+------------+------+--------+------------+-------+-------+------------+-----------+-------------+-------+--------+-----------+------------+----------+--------+--------+---------+
; Clock Name ; Type ; Period ; Frequency  ; Rise  ; Fall  ; Duty Cycle ; Divide by ; Multiply by ; Phase ; Offset ; Edge List ; Edge Shift ; Inverted ; Master ; Source ; Targets ;
+------------+------+--------+------------+-------+-------+------------+-----------+-------------+-------+--------+-----------+------------+----------+--------+--------+---------+
; clk        ; Base ; 1.000  ; 1000.0 MHz ; 0.000 ; 0.500 ;            ;           ;             ;       ;        ;           ;            ;          ;        ;        ; { clk } ;
+------------+------+--------+------------+-------+-------+------------+-----------+-------------+-------+--------+-----------+------------+----------+--------+--------+---------+


+--------------------------------------------------+
; Slow 900mV 100C Model Fmax Summary               ;
+------------+-----------------+------------+------+
; Fmax       ; Restricted Fmax ; Clock Name ; Note ;
+------------+-----------------+------------+------+
; 242.66 MHz ; 242.66 MHz      ; clk        ;      ;
+------------+-----------------+------------+------+
This panel reports FMAX for every clock in the design, regardless of the user-specified clock periods.  FMAX is only computed for paths where the source and destination registers or ports are driven by the same clock.  Paths of different clocks, including generated clocks, are ignored.  For paths between a clock and its inversion, FMAX is computed as if the rising and falling edges are scaled along with FMAX, such that the duty cycle (in terms of a percentage) is maintained. Altera recommends that you always use clock constraints and other slack reports for sign-off analysis.


----------------------------------
; Timing Closure Recommendations ;
----------------------------------
HTML report is unavailable in plain text report export.


+-------------------------------------+
; Slow 900mV 100C Model Setup Summary ;
+-------+--------+--------------------+
; Clock ; Slack  ; End Point TNS      ;
+-------+--------+--------------------+
; clk   ; -3.121 ; -42717.041         ;
+-------+--------+--------------------+


+------------------------------------+
; Slow 900mV 100C Model Hold Summary ;
+-------+-------+--------------------+
; Clock ; Slack ; End Point TNS      ;
+-------+-------+--------------------+
; clk   ; 0.086 ; 0.000              ;
+-------+-------+--------------------+


------------------------------------------
; Slow 900mV 100C Model Recovery Summary ;
------------------------------------------
No paths to report.


-----------------------------------------
; Slow 900mV 100C Model Removal Summary ;
-----------------------------------------
No paths to report.


+---------------------------------------------------+
; Slow 900mV 100C Model Minimum Pulse Width Summary ;
+-------+--------+----------------------------------+
; Clock ; Slack  ; End Point TNS                    ;
+-------+--------+----------------------------------+
; clk   ; -2.880 ; -1102.390                        ;
+-------+--------+----------------------------------+


-----------------------------------------------
; Slow 900mV 100C Model Metastability Summary ;
-----------------------------------------------
No synchronizer chains to report.


+--------------------------------------------------+
; Slow 900mV -40C Model Fmax Summary               ;
+------------+-----------------+------------+------+
; Fmax       ; Restricted Fmax ; Clock Name ; Note ;
+------------+-----------------+------------+------+
; 232.18 MHz ; 232.18 MHz      ; clk        ;      ;
+------------+-----------------+------------+------+
This panel reports FMAX for every clock in the design, regardless of the user-specified clock periods.  FMAX is only computed for paths where the source and destination registers or ports are driven by the same clock.  Paths of different clocks, including generated clocks, are ignored.  For paths between a clock and its inversion, FMAX is computed as if the rising and falling edges are scaled along with FMAX, such that the duty cycle (in terms of a percentage) is maintained. Altera recommends that you always use clock constraints and other slack reports for sign-off analysis.


+-------------------------------------+
; Slow 900mV -40C Model Setup Summary ;
+-------+--------+--------------------+
; Clock ; Slack  ; End Point TNS      ;
+-------+--------+--------------------+
; clk   ; -3.307 ; -41107.685         ;
+-------+--------+--------------------+


+------------------------------------+
; Slow 900mV -40C Model Hold Summary ;
+-------+-------+--------------------+
; Clock ; Slack ; End Point TNS      ;
+-------+-------+--------------------+
; clk   ; 0.065 ; 0.000              ;
+-------+-------+--------------------+


------------------------------------------
; Slow 900mV -40C Model Recovery Summary ;
------------------------------------------
No paths to report.


-----------------------------------------
; Slow 900mV -40C Model Removal Summary ;
-----------------------------------------
No paths to report.


+---------------------------------------------------+
; Slow 900mV -40C Model Minimum Pulse Width Summary ;
+-------+--------+----------------------------------+
; Clock ; Slack  ; End Point TNS                    ;
+-------+--------+----------------------------------+
; clk   ; -3.270 ; -1402.378                        ;
+-------+--------+----------------------------------+


-----------------------------------------------
; Slow 900mV -40C Model Metastability Summary ;
-----------------------------------------------
No synchronizer chains to report.


+-------------------------------------+
; Fast 900mV 100C Model Setup Summary ;
+-------+--------+--------------------+
; Clock ; Slack  ; End Point TNS      ;
+-------+--------+--------------------+
; clk   ; -1.903 ; -17512.038         ;
+-------+--------+--------------------+


+------------------------------------+
; Fast 900mV 100C Model Hold Summary ;
+-------+-------+--------------------+
; Clock ; Slack ; End Point TNS      ;
+-------+-------+--------------------+
; clk   ; 0.015 ; 0.000              ;
+-------+-------+--------------------+


------------------------------------------
; Fast 900mV 100C Model Recovery Summary ;
------------------------------------------
No paths to report.


-----------------------------------------
; Fast 900mV 100C Model Removal Summary ;
-----------------------------------------
No paths to report.


+---------------------------------------------------+
; Fast 900mV 100C Model Minimum Pulse Width Summary ;
+-------+--------+----------------------------------+
; Clock ; Slack  ; End Point TNS                    ;
+-------+--------+----------------------------------+
; clk   ; -1.210 ; -433.690                         ;
+-------+--------+----------------------------------+


-----------------------------------------------
; Fast 900mV 100C Model Metastability Summary ;
-----------------------------------------------
No synchronizer chains to report.


+-------------------------------------+
; Fast 900mV -40C Model Setup Summary ;
+-------+--------+--------------------+
; Clock ; Slack  ; End Point TNS      ;
+-------+--------+--------------------+
; clk   ; -1.281 ; -9463.692          ;
+-------+--------+--------------------+


+------------------------------------+
; Fast 900mV -40C Model Hold Summary ;
+-------+-------+--------------------+
; Clock ; Slack ; End Point TNS      ;
+-------+-------+--------------------+
; clk   ; 0.012 ; 0.000              ;
+-------+-------+--------------------+


------------------------------------------
; Fast 900mV -40C Model Recovery Summary ;
------------------------------------------
No paths to report.


-----------------------------------------
; Fast 900mV -40C Model Removal Summary ;
-----------------------------------------
No paths to report.


+---------------------------------------------------+
; Fast 900mV -40C Model Minimum Pulse Width Summary ;
+-------+--------+----------------------------------+
; Clock ; Slack  ; End Point TNS                    ;
+-------+--------+----------------------------------+
; clk   ; -1.300 ; -519.886                         ;
+-------+--------+----------------------------------+


-----------------------------------------------
; Fast 900mV -40C Model Metastability Summary ;
-----------------------------------------------
No synchronizer chains to report.


+----------------------------------------------------------------------------------+
; Multicorner Timing Analysis Summary                                              ;
+------------------+------------+-------+----------+---------+---------------------+
; Clock            ; Setup      ; Hold  ; Recovery ; Removal ; Minimum Pulse Width ;
+------------------+------------+-------+----------+---------+---------------------+
; Worst-case Slack ; -3.307     ; 0.012 ; N/A      ; N/A     ; -3.270              ;
;  clk             ; -3.307     ; 0.012 ; N/A      ; N/A     ; -3.270              ;
; Design-wide TNS  ; -42717.041 ; 0.0   ; 0.0      ; 0.0     ; -1402.378           ;
;  clk             ; -42717.041 ; 0.000 ; N/A      ; N/A     ; -1402.378           ;
+------------------+------------+-------+----------+---------+---------------------+


+--------------------------------------------------------------------------------------------------------------------------------------------------------------------------------------------------------------------------------------------------------------------------------------------------------------------------------------------------------------------------------------------------------------+
; Board Trace Model Assignments                                                                                                                                                                                                                                                                                                                                                                                ;
+-----------+--------------+-------------------+-------------------------+-------------------------+---------------+---------------------+----------------+------------------+--------+------------------+------------------------+------------------------+--------------+---------------+-----------------+-------+---------------------+--------------------+---------------+-----------------+-------------+
; Pin       ; I/O Standard ; Near Tline Length ; Near Tline L per Length ; Near Tline C per Length ; Near Series R ; Near Differential R ; Near Pull-up R ; Near Pull-down R ; Near C ; Far Tline Length ; Far Tline L per Length ; Far Tline C per Length ; Far Series R ; Far Pull-up R ; Far Pull-down R ; Far C ; Termination Voltage ; Far Differential R ; EBD File Name ; EBD Signal Name ; EBD Far-end ;
+-----------+--------------+-------------------+-------------------------+-------------------------+---------------+---------------------+----------------+------------------+--------+------------------+------------------------+------------------------+--------------+---------------+-----------------+-------+---------------------+--------------------+---------------+-----------------+-------------+
; ready     ; 1.8 V        ; 0 in              ; 0 H/in                  ; 0 F/in                  ; short         ; -                   ; open           ; open             ; open   ; 0 in             ; 0 H/in                 ; 0 F/in                 ; short        ; open          ; open            ; open  ; 0 V                 ; -                  ; n/a           ; n/a             ; n/a         ;
; debug_bit ; 1.8 V        ; 0 in              ; 0 H/in                  ; 0 F/in                  ; short         ; -                   ; open           ; open             ; open   ; 0 in             ; 0 H/in                 ; 0 F/in                 ; short        ; open          ; open            ; open  ; 0 V                 ; -                  ; n/a           ; n/a             ; n/a         ;
+-----------+--------------+-------------------+-------------------------+-------------------------+---------------+---------------------+----------------+------------------+--------+------------------+------------------------+------------------------+--------------+---------------+-----------------+-------+---------------------+--------------------+---------------+-----------------+-------------+


+-------------------------------------------------------------------+
; Input Transition Times                                            ;
+----------------+--------------+-----------------+-----------------+
; Pin            ; I/O Standard ; 10-90 Rise Time ; 90-10 Fall Time ;
+----------------+--------------+-----------------+-----------------+
; clk            ; 1.8 V        ; 1440 ps         ; 1440 ps         ;
; rst_n          ; 1.8 V        ; 1440 ps         ; 1440 ps         ;
; start          ; 1.8 V        ; 1440 ps         ; 1440 ps         ;
; x_in[0]        ; 1.8 V        ; 1440 ps         ; 1440 ps         ;
; x_in[1]        ; 1.8 V        ; 1440 ps         ; 1440 ps         ;
; x_in[2]        ; 1.8 V        ; 1440 ps         ; 1440 ps         ;
; x_in[3]        ; 1.8 V        ; 1440 ps         ; 1440 ps         ;
; x_in[4]        ; 1.8 V        ; 1440 ps         ; 1440 ps         ;
; x_in[5]        ; 1.8 V        ; 1440 ps         ; 1440 ps         ;
; x_in[6]        ; 1.8 V        ; 1440 ps         ; 1440 ps         ;
; x_in[7]        ; 1.8 V        ; 1440 ps         ; 1440 ps         ;
; x_in[8]        ; 1.8 V        ; 1440 ps         ; 1440 ps         ;
; x_in[9]        ; 1.8 V        ; 1440 ps         ; 1440 ps         ;
; x_in[10]       ; 1.8 V        ; 1440 ps         ; 1440 ps         ;
; x_in[11]       ; 1.8 V        ; 1440 ps         ; 1440 ps         ;
; x_in[12]       ; 1.8 V        ; 1440 ps         ; 1440 ps         ;
; x_in[13]       ; 1.8 V        ; 1440 ps         ; 1440 ps         ;
; x_in[14]       ; 1.8 V        ; 1440 ps         ; 1440 ps         ;
; x_in[15]       ; 1.8 V        ; 1440 ps         ; 1440 ps         ;
; ~ALTERA_DATA0~ ; 1.8 V        ; 1440 ps         ; 1440 ps         ;
+----------------+--------------+-----------------+-----------------+


+----------------------------------------------------------------------------------------------------------------------------------------------------------------------------------------------------------------------------------------------------------------------------------------------------------------------------------------------------------------------------------------------------------------------------------------------------------------------------------------------------------------------------------------------------------------------------------------------------------------------------------------------------------------------------------------+
; Signal Integrity Metrics (Slow 900mv 100c Model)                                                                                                                                                                                                                                                                                                                                                                                                                                                                                                                                                                                                                                       ;
+-----------+--------------+---------------------+---------------------+------------------------------+------------------------------+---------------------+---------------------+--------------------------------------+--------------------------------------+-----------------------------+-----------------------------+----------------------------+----------------------------+-----------------------------+-----------------------------+--------------------+--------------------+-------------------------------------+-------------------------------------+----------------------------+----------------------------+---------------------------+---------------------------+
; Pin       ; I/O Standard ; Board Delay on Rise ; Board Delay on Fall ; Steady State Voh at FPGA Pin ; Steady State Vol at FPGA Pin ; Voh Max at FPGA Pin ; Vol Min at FPGA Pin ; Ringback Voltage on Rise at FPGA Pin ; Ringback Voltage on Fall at FPGA Pin ; 10-90 Rise Time at FPGA Pin ; 90-10 Fall Time at FPGA Pin ; Monotonic Rise at FPGA Pin ; Monotonic Fall at FPGA Pin ; Steady State Voh at Far-end ; Steady State Vol at Far-end ; Voh Max at Far-end ; Vol Min at Far-end ; Ringback Voltage on Rise at Far-end ; Ringback Voltage on Fall at Far-end ; 10-90 Rise Time at Far-end ; 90-10 Fall Time at Far-end ; Monotonic Rise at Far-end ; Monotonic Fall at Far-end ;
+-----------+--------------+---------------------+---------------------+------------------------------+------------------------------+---------------------+---------------------+--------------------------------------+--------------------------------------+-----------------------------+-----------------------------+----------------------------+----------------------------+-----------------------------+-----------------------------+--------------------+--------------------+-------------------------------------+-------------------------------------+----------------------------+----------------------------+---------------------------+---------------------------+
; ready     ; 1.8 V        ; 0 s                 ; 0 s                 ; 1.66 V                       ; 1.94e-06 V                   ; 1.69 V              ; -0.0491 V           ; 0.122 V                              ; 0.084 V                              ; 2.38e-10 s                  ; 2.28e-10 s                  ; No                         ; No                         ; 1.66 V                      ; 1.94e-06 V                  ; 1.69 V             ; -0.0491 V          ; 0.122 V                             ; 0.084 V                             ; 2.38e-10 s                 ; 2.28e-10 s                 ; No                        ; No                        ;
; debug_bit ; 1.8 V        ; 0 s                 ; 0 s                 ; 1.66 V                       ; 1.94e-06 V                   ; 1.69 V              ; -0.0491 V           ; 0.122 V                              ; 0.084 V                              ; 2.38e-10 s                  ; 2.28e-10 s                  ; No                         ; No                         ; 1.66 V                      ; 1.94e-06 V                  ; 1.69 V             ; -0.0491 V          ; 0.122 V                             ; 0.084 V                             ; 2.38e-10 s                 ; 2.28e-10 s                 ; No                        ; No                        ;
+-----------+--------------+---------------------+---------------------+------------------------------+------------------------------+---------------------+---------------------+--------------------------------------+--------------------------------------+-----------------------------+-----------------------------+----------------------------+----------------------------+-----------------------------+-----------------------------+--------------------+--------------------+-------------------------------------+-------------------------------------+----------------------------+----------------------------+---------------------------+---------------------------+


+----------------------------------------------------------------------------------------------------------------------------------------------------------------------------------------------------------------------------------------------------------------------------------------------------------------------------------------------------------------------------------------------------------------------------------------------------------------------------------------------------------------------------------------------------------------------------------------------------------------------------------------------------------------------------------------+
; Signal Integrity Metrics (Fast 900mv n40c Model)                                                                                                                                                                                                                                                                                                                                                                                                                                                                                                                                                                                                                                       ;
+-----------+--------------+---------------------+---------------------+------------------------------+------------------------------+---------------------+---------------------+--------------------------------------+--------------------------------------+-----------------------------+-----------------------------+----------------------------+----------------------------+-----------------------------+-----------------------------+--------------------+--------------------+-------------------------------------+-------------------------------------+----------------------------+----------------------------+---------------------------+---------------------------+
; Pin       ; I/O Standard ; Board Delay on Rise ; Board Delay on Fall ; Steady State Voh at FPGA Pin ; Steady State Vol at FPGA Pin ; Voh Max at FPGA Pin ; Vol Min at FPGA Pin ; Ringback Voltage on Rise at FPGA Pin ; Ringback Voltage on Fall at FPGA Pin ; 10-90 Rise Time at FPGA Pin ; 90-10 Fall Time at FPGA Pin ; Monotonic Rise at FPGA Pin ; Monotonic Fall at FPGA Pin ; Steady State Voh at Far-end ; Steady State Vol at Far-end ; Voh Max at Far-end ; Vol Min at Far-end ; Ringback Voltage on Rise at Far-end ; Ringback Voltage on Fall at Far-end ; 10-90 Rise Time at Far-end ; 90-10 Fall Time at Far-end ; Monotonic Rise at Far-end ; Monotonic Fall at Far-end ;
+-----------+--------------+---------------------+---------------------+------------------------------+------------------------------+---------------------+---------------------+--------------------------------------+--------------------------------------+-----------------------------+-----------------------------+----------------------------+----------------------------+-----------------------------+-----------------------------+--------------------+--------------------+-------------------------------------+-------------------------------------+----------------------------+----------------------------+---------------------------+---------------------------+
; ready     ; 1.8 V        ; 0 s                 ; 0 s                 ; 1.89 V                       ; 1.62e-07 V                   ; 2.04 V              ; -0.201 V            ; 0.161 V                              ; 0.176 V                              ; 1.26e-10 s                  ; 1.19e-10 s                  ; No                         ; No                         ; 1.89 V                      ; 1.62e-07 V                  ; 2.04 V             ; -0.201 V           ; 0.161 V                             ; 0.176 V                             ; 1.26e-10 s                 ; 1.19e-10 s                 ; No                        ; No                        ;
; debug_bit ; 1.8 V        ; 0 s                 ; 0 s                 ; 1.89 V                       ; 1.62e-07 V                   ; 2.04 V              ; -0.201 V            ; 0.161 V                              ; 0.176 V                              ; 1.26e-10 s                  ; 1.19e-10 s                  ; No                         ; No                         ; 1.89 V                      ; 1.62e-07 V                  ; 2.04 V             ; -0.201 V           ; 0.161 V                             ; 0.176 V                             ; 1.26e-10 s                 ; 1.19e-10 s                 ; No                        ; No                        ;
+-----------+--------------+---------------------+---------------------+------------------------------+------------------------------+---------------------+---------------------+--------------------------------------+--------------------------------------+-----------------------------+-----------------------------+----------------------------+----------------------------+-----------------------------+-----------------------------+--------------------+--------------------+-------------------------------------+-------------------------------------+----------------------------+----------------------------+---------------------------+---------------------------+


+-------------------------------------------------------------------+
; Setup Transfers                                                   ;
+------------+----------+----------+----------+----------+----------+
; From Clock ; To Clock ; RR Paths ; FR Paths ; RF Paths ; FF Paths ;
+------------+----------+----------+----------+----------+----------+
; clk        ; clk      ; 1491960  ; 0        ; 0        ; 0        ;
+------------+----------+----------+----------+----------+----------+
Entries labeled "false path" only account for clock-to-clock false paths and not path-based false paths. As a result, actual path counts may be lower than reported.


+-------------------------------------------------------------------+
; Hold Transfers                                                    ;
+------------+----------+----------+----------+----------+----------+
; From Clock ; To Clock ; RR Paths ; FR Paths ; RF Paths ; FF Paths ;
+------------+----------+----------+----------+----------+----------+
; clk        ; clk      ; 1491960  ; 0        ; 0        ; 0        ;
+------------+----------+----------+----------+----------+----------+
Entries labeled "false path" only account for clock-to-clock false paths and not path-based false paths. As a result, actual path counts may be lower than reported.


+-------------------------------------------------+
; Unconstrained Paths Summary                     ;
+---------------------------------+-------+-------+
; Property                        ; Setup ; Hold  ;
+---------------------------------+-------+-------+
; Illegal Clocks                  ; 0     ; 0     ;
; Unconstrained Clocks            ; 0     ; 0     ;
; Unconstrained Input Ports       ; 18    ; 18    ;
; Unconstrained Input Port Paths  ; 29566 ; 29566 ;
; Unconstrained Output Ports      ; 2     ; 2     ;
; Unconstrained Output Port Paths ; 2433  ; 2433  ;
+---------------------------------+-------+-------+


+-------------------------------------+
; Clock Status Summary                ;
+--------+-------+------+-------------+
; Target ; Clock ; Type ; Status      ;
+--------+-------+------+-------------+
; clk    ; clk   ; Base ; Constrained ;
+--------+-------+------+-------------+


+---------------------------------------------------------------------------------------------------+
; Unconstrained Input Ports                                                                         ;
+------------+--------------------------------------------------------------------------------------+
; Input Port ; Comment                                                                              ;
+------------+--------------------------------------------------------------------------------------+
; rst_n      ; No input delay, min/max delays, false-path exceptions, or max skew assignments found ;
; start      ; No input delay, min/max delays, false-path exceptions, or max skew assignments found ;
; x_in[0]    ; No input delay, min/max delays, false-path exceptions, or max skew assignments found ;
; x_in[1]    ; No input delay, min/max delays, false-path exceptions, or max skew assignments found ;
; x_in[2]    ; No input delay, min/max delays, false-path exceptions, or max skew assignments found ;
; x_in[3]    ; No input delay, min/max delays, false-path exceptions, or max skew assignments found ;
; x_in[4]    ; No input delay, min/max delays, false-path exceptions, or max skew assignments found ;
; x_in[5]    ; No input delay, min/max delays, false-path exceptions, or max skew assignments found ;
; x_in[6]    ; No input delay, min/max delays, false-path exceptions, or max skew assignments found ;
; x_in[7]    ; No input delay, min/max delays, false-path exceptions, or max skew assignments found ;
; x_in[8]    ; No input delay, min/max delays, false-path exceptions, or max skew assignments found ;
; x_in[9]    ; No input delay, min/max delays, false-path exceptions, or max skew assignments found ;
; x_in[10]   ; No input delay, min/max delays, false-path exceptions, or max skew assignments found ;
; x_in[11]   ; No input delay, min/max delays, false-path exceptions, or max skew assignments found ;
; x_in[12]   ; No input delay, min/max delays, false-path exceptions, or max skew assignments found ;
; x_in[13]   ; No input delay, min/max delays, false-path exceptions, or max skew assignments found ;
; x_in[14]   ; No input delay, min/max delays, false-path exceptions, or max skew assignments found ;
; x_in[15]   ; No input delay, min/max delays, false-path exceptions, or max skew assignments found ;
+------------+--------------------------------------------------------------------------------------+


+-----------------------------------------------------------------------------------------------------+
; Unconstrained Output Ports                                                                          ;
+-------------+---------------------------------------------------------------------------------------+
; Output Port ; Comment                                                                               ;
+-------------+---------------------------------------------------------------------------------------+
; debug_bit   ; No output delay, min/max delays, false-path exceptions, or max skew assignments found ;
; ready       ; No output delay, min/max delays, false-path exceptions, or max skew assignments found ;
+-------------+---------------------------------------------------------------------------------------+


+---------------------------------------------------------------------------------------------------+
; Unconstrained Input Ports                                                                         ;
+------------+--------------------------------------------------------------------------------------+
; Input Port ; Comment                                                                              ;
+------------+--------------------------------------------------------------------------------------+
; rst_n      ; No input delay, min/max delays, false-path exceptions, or max skew assignments found ;
; start      ; No input delay, min/max delays, false-path exceptions, or max skew assignments found ;
; x_in[0]    ; No input delay, min/max delays, false-path exceptions, or max skew assignments found ;
; x_in[1]    ; No input delay, min/max delays, false-path exceptions, or max skew assignments found ;
; x_in[2]    ; No input delay, min/max delays, false-path exceptions, or max skew assignments found ;
; x_in[3]    ; No input delay, min/max delays, false-path exceptions, or max skew assignments found ;
; x_in[4]    ; No input delay, min/max delays, false-path exceptions, or max skew assignments found ;
; x_in[5]    ; No input delay, min/max delays, false-path exceptions, or max skew assignments found ;
; x_in[6]    ; No input delay, min/max delays, false-path exceptions, or max skew assignments found ;
; x_in[7]    ; No input delay, min/max delays, false-path exceptions, or max skew assignments found ;
; x_in[8]    ; No input delay, min/max delays, false-path exceptions, or max skew assignments found ;
; x_in[9]    ; No input delay, min/max delays, false-path exceptions, or max skew assignments found ;
; x_in[10]   ; No input delay, min/max delays, false-path exceptions, or max skew assignments found ;
; x_in[11]   ; No input delay, min/max delays, false-path exceptions, or max skew assignments found ;
; x_in[12]   ; No input delay, min/max delays, false-path exceptions, or max skew assignments found ;
; x_in[13]   ; No input delay, min/max delays, false-path exceptions, or max skew assignments found ;
; x_in[14]   ; No input delay, min/max delays, false-path exceptions, or max skew assignments found ;
; x_in[15]   ; No input delay, min/max delays, false-path exceptions, or max skew assignments found ;
+------------+--------------------------------------------------------------------------------------+


+-----------------------------------------------------------------------------------------------------+
; Unconstrained Output Ports                                                                          ;
+-------------+---------------------------------------------------------------------------------------+
; Output Port ; Comment                                                                               ;
+-------------+---------------------------------------------------------------------------------------+
; debug_bit   ; No output delay, min/max delays, false-path exceptions, or max skew assignments found ;
; ready       ; No output delay, min/max delays, false-path exceptions, or max skew assignments found ;
+-------------+---------------------------------------------------------------------------------------+


+--------------------------+
; Timing Analyzer Messages ;
+--------------------------+
Info: *******************************************************************
Info: Running Quartus Prime Timing Analyzer
    Info: Version 20.1.0 Build 711 06/05/2020 SJ Standard Edition
    Info: Processing started: Wed Mar 11 08:33:33 2026
Info: Command: quartus_sta chebyshev -c layer
Info: qsta_default_script.tcl version: #1
Warning (18236): Number of processors has not been specified which may cause overloading on shared machines.  Set the global assignment NUM_PARALLEL_PROCESSORS in your QSF to an appropriate value for best performance.
Info (20030): Parallel compilation is enabled and will use 16 of the 16 processors detected
Info (21077): Low junction temperature is -40 degrees C
Info (21077): High junction temperature is 100 degrees C
Critical Warning (332012): Synopsys Design Constraints File file not found: 'layer.sdc'. A Synopsys Design Constraints File is required by the Timing Analyzer to get proper timing constraints. Without it, the Compiler will not properly optimize the design.
Info (332142): No user constrained base clocks found in the design. Calling "derive_clocks -period 1.0"
Info (332105): Deriving Clocks
    Info (332105): create_clock -period 1.000 -name clk clk
Info (332143): No user constrained clock uncertainty found in the design. Calling "derive_clock_uncertainty"
Info (332123): Deriving Clock Uncertainty. Please refer to report_sdc in the Timing Analyzer to see clock uncertainties.
Info: Found TIMING_ANALYZER_REPORT_SCRIPT_INCLUDE_DEFAULT_ANALYSIS = ON
Info: Analyzing Slow 900mV 100C Model
Critical Warning (332148): Timing requirements not met
    Info (11105): For recommendations on closing timing, run Report Timing Closure Recommendations in the Timing Analyzer.
Info (332146): Worst-case setup slack is -3.121
    Info (332119):     Slack       End Point TNS Clock 
    Info (332119): ========= =================== =====================
    Info (332119):    -3.121          -42717.041 clk 
Info (332146): Worst-case hold slack is 0.086
    Info (332119):     Slack       End Point TNS Clock 
    Info (332119): ========= =================== =====================
    Info (332119):     0.086               0.000 clk 
Info (332140): No Recovery paths to report
Info (332140): No Removal paths to report
Info (332146): Worst-case minimum pulse width slack is -2.880
    Info (332119):     Slack       End Point TNS Clock 
    Info (332119): ========= =================== =====================
    Info (332119):    -2.880           -1102.390 clk 
Info: Analyzing Slow 900mV -40C Model
Info (332146): Worst-case setup slack is -3.307
    Info (332119):     Slack       End Point TNS Clock 
    Info (332119): ========= =================== =====================
    Info (332119):    -3.307          -41107.685 clk 
Info (332146): Worst-case hold slack is 0.065
    Info (332119):     Slack       End Point TNS Clock 
    Info (332119): ========= =================== =====================
    Info (332119):     0.065               0.000 clk 
Info (332140): No Recovery paths to report
Info (332140): No Removal paths to report
Info (332146): Worst-case minimum pulse width slack is -3.270
    Info (332119):     Slack       End Point TNS Clock 
    Info (332119): ========= =================== =====================
    Info (332119):    -3.270           -1402.378 clk 
Info: Analyzing Fast 900mV 100C Model
Info (332146): Worst-case setup slack is -1.903
    Info (332119):     Slack       End Point TNS Clock 
    Info (332119): ========= =================== =====================
    Info (332119):    -1.903          -17512.038 clk 
Info (332146): Worst-case hold slack is 0.015
    Info (332119):     Slack       End Point TNS Clock 
    Info (332119): ========= =================== =====================
    Info (332119):     0.015               0.000 clk 
Info (332140): No Recovery paths to report
Info (332140): No Removal paths to report
Info (332146): Worst-case minimum pulse width slack is -1.210
    Info (332119):     Slack       End Point TNS Clock 
    Info (332119): ========= =================== =====================
    Info (332119):    -1.210            -433.690 clk 
Info: Analyzing Fast 900mV -40C Model
Info (332146): Worst-case setup slack is -1.281
    Info (332119):     Slack       End Point TNS Clock 
    Info (332119): ========= =================== =====================
    Info (332119):    -1.281           -9463.692 clk 
Info (332146): Worst-case hold slack is 0.012
    Info (332119):     Slack       End Point TNS Clock 
    Info (332119): ========= =================== =====================
    Info (332119):     0.012               0.000 clk 
Info (332140): No Recovery paths to report
Info (332140): No Removal paths to report
Info (332146): Worst-case minimum pulse width slack is -1.300
    Info (332119):     Slack       End Point TNS Clock 
    Info (332119): ========= =================== =====================
    Info (332119):    -1.300            -519.886 clk 
Info (332102): Design is not fully constrained for setup requirements
Info (332102): Design is not fully constrained for hold requirements
Info: Quartus Prime Timing Analyzer was successful. 0 errors, 3 warnings
    Info: Peak virtual memory: 8198 megabytes
    Info: Processing ended: Wed Mar 11 08:33:57 2026
    Info: Elapsed time: 00:00:24
    Info: Total CPU time (on all processors): 00:02:17


